
--- Protocol build error ---
Traceback (most recent call last):
  File "c:\work\applic\qt_app\ui\protocol_area.py", line 331, in _start
    widget = self._builder.build()
  File "c:\work\applic\qt_app\ui\protocol_builder_qt.py", line 233, in build
    self._load_structure()
    ~~~~~~~~~~~~~~~~~~~~^^
  File "c:\work\applic\qt_app\ui\protocol_builder_qt.py", line 423, in _load_structure
    binding = self._create_field_widget(conn, meta)
  File "c:\work\applic\qt_app\ui\protocol_builder_qt.py", line 837, in _create_field_widget
    hl.addWidget(display_widget, 1)
    ~~~~~~~~~~~~^^^^^^^^^^^^^^^^^^^
  File "c:\work\applic\qt_app\ui\app_style.py", line 229, in eventFilter
    et = event.type()
  File "c:\work\applic\qt_app\ui\app_style.py", line 285, in eventFilter
    return super().eventFilter(obj, event)
           ~~~~~~~~~~~~~~~~~~~^^^^^^^^^^^^
  File "c:\work\applic\qt_app\ui\app_style.py", line 229, in eventFilter
    et = event.type()
  File "c:\work\applic\qt_app\ui\app_style.py", line 285, in eventFilter
    return super().eventFilter(obj, event)
           ~~~~~~~~~~~~~~~~~~~^^^^^^^^^^^^
  File "c:\work\applic\qt_app\ui\app_style.py", line 229, in eventFilter
    et = event.type()
  File "c:\work\applic\qt_app\ui\app_style.py", line 285, in eventFilter
    return super().eventFilter(obj, event)
           ~~~~~~~~~~~~~~~~~~~^^^^^^^^^^^^
  File "c:\work\applic\qt_app\ui\auto_combo.py", line 217, in eventFilter
    if self.property("open_only_on_arrow"):
       ~~~~~~~~~~~~~^^^^^^^^^^^^^^^^^^^^^^
  File "c:\work\applic\qt_app\ui\app_style.py", line 229, in eventFilter
    et = event.type()
  File "c:\work\applic\qt_app\ui\app_style.py", line 285, in eventFilter
    return super().eventFilter(obj, event)
           ~~~~~~~~~~~~~~~~~~~^^^^^^^^^^^^
  File "c:\work\applic\qt_app\ui\app_style.py", line 229, in eventFilter
    et = event.type()
  File "c:\work\applic\qt_app\ui\app_style.py", line 285, in eventFilter
    return super().eventFilter(obj, event)
           ~~~~~~~~~~~~~~~~~~~^^^^^^^^^^^^
  File "c:\work\applic\qt_app\ui\app_style.py", line 229, in eventFilter
    et = event.type()
  File "c:\work\applic\qt_app\ui\app_style.py", line 285, in eventFilter
    return super().eventFilter(obj, event)
           ~~~~~~~~~~~~~~~~~~~^^^^^^^^^^^^
  File "c:\work\applic\qt_app\ui\app_style.py", line 229, in eventFilter
    et = event.type()
  File "c:\work\applic\qt_app\ui\app_style.py", line 285, in eventFilter
    return super().eventFilter(obj, event)
           ~~~~~~~~~~~~~~~~~~~^^^^^^^^^^^^
  File "c:\work\applic\qt_app\ui\app_style.py", line 229, in eventFilter
    et = event.type()
  File "c:\work\applic\qt_app\ui\app_style.py", line 285, in eventFilter
    return super().eventFilter(obj, event)
           ~~~~~~~~~~~~~~~~~~~^^^^^^^^^^^^
  File "c:\work\applic\qt_app\ui\app_style.py", line 229, in eventFilter
    et = event.type()
  File "c:\work\applic\qt_app\ui\app_style.py", line 285, in eventFilter
    return super().eventFilter(obj, event)
           ~~~~~~~~~~~~~~~~~~~^^^^^^^^^^^^
  File "c:\work\applic\qt_app\ui\app_style.py", line 229, in eventFilter
    et = event.type()
  File "c:\work\applic\qt_app\ui\app_style.py", line 285, in eventFilter
    return super().eventFilter(obj, event)
           ~~~~~~~~~~~~~~~~~~~^^^^^^^^^^^^
  File "c:\work\applic\qt_app\ui\app_style.py", line 229, in eventFilter
    et = event.type()
  File "c:\work\applic\qt_app\ui\app_style.py", line 285, in eventFilter
    return super().eventFilter(obj, event)
           ~~~~~~~~~~~~~~~~~~~^^^^^^^^^^^^
  File "c:\work\applic\qt_app\ui\app_style.py", line 229, in eventFilter
    et = event.type()
  File "c:\work\applic\qt_app\ui\app_style.py", line 285, in eventFilter
    return super().eventFilter(obj, event)
           ~~~~~~~~~~~~~~~~~~~^^^^^^^^^^^^
  File "c:\work\applic\qt_app\ui\app_style.py", line 229, in eventFilter
    et = event.type()
  File "c:\work\applic\qt_app\ui\app_style.py", line 285, in eventFilter
    return super().eventFilter(obj, event)
           ~~~~~~~~~~~~~~~~~~~^^^^^^^^^^^^
  File "c:\work\applic\qt_app\ui\app_style.py", line 229, in eventFilter
    et = event.type()
  File "c:\work\applic\qt_app\ui\app_style.py", line 285, in eventFilter
    return super().eventFilter(obj, event)
           ~~~~~~~~~~~~~~~~~~~^^^^^^^^^^^^
  File "c:\work\applic\qt_app\ui\app_style.py", line 229, in eventFilter
    et = event.type()
  File "c:\work\applic\qt_app\ui\app_style.py", line 285, in eventFilter
    return super().eventFilter(obj, event)
           ~~~~~~~~~~~~~~~~~~~^^^^^^^^^^^^
  File "c:\work\applic\qt_app\ui\app_style.py", line 229, in eventFilter
    et = event.type()
  File "c:\work\applic\qt_app\ui\app_style.py", line 285, in eventFilter
    return super().eventFilter(obj, event)
           ~~~~~~~~~~~~~~~~~~~^^^^^^^^^^^^
  File "c:\work\applic\qt_app\ui\app_style.py", line 229, in eventFilter
    et = event.type()
  File "c:\work\applic\qt_app\ui\app_style.py", line 285, in eventFilter
    return super().eventFilter(obj, event)
           ~~~~~~~~~~~~~~~~~~~^^^^^^^^^^^^
  File "c:\work\applic\qt_app\ui\auto_combo.py", line 122, in sizeHint
    opt = QtWidgets.QStyleOptionViewItem(option)
  File "c:\work\applic\qt_app\ui\auto_combo.py", line 122, in sizeHint
    opt = QtWidgets.QStyleOptionViewItem(option)
  File "c:\work\applic\qt_app\ui\auto_combo.py", line 122, in sizeHint
    opt = QtWidgets.QStyleOptionViewItem(option)
  [Previous line repeated 2 more times]
  File "c:\work\applic\qt_app\ui\app_style.py", line 229, in eventFilter
    et = event.type()
  File "c:\work\applic\qt_app\ui\app_style.py", line 285, in eventFilter
    return super().eventFilter(obj, event)
           ~~~~~~~~~~~~~~~~~~~^^^^^^^^^^^^
  File "c:\work\applic\qt_app\ui\app_style.py", line 229, in eventFilter
    et = event.type()
  File "c:\work\applic\qt_app\ui\app_style.py", line 285, in eventFilter
    return super().eventFilter(obj, event)
           ~~~~~~~~~~~~~~~~~~~^^^^^^^^^^^^
  File "c:\work\applic\qt_app\ui\app_style.py", line 229, in eventFilter
    et = event.type()
  File "c:\work\applic\qt_app\ui\app_style.py", line 285, in eventFilter
    return super().eventFilter(obj, event)
           ~~~~~~~~~~~~~~~~~~~^^^^^^^^^^^^
  File "c:\work\applic\qt_app\ui\app_style.py", line 229, in eventFilter
    et = event.type()
  File "c:\work\applic\qt_app\ui\app_style.py", line 285, in eventFilter
    return super().eventFilter(obj, event)
           ~~~~~~~~~~~~~~~~~~~^^^^^^^^^^^^
  File "c:\work\applic\qt_app\ui\app_style.py", line 229, in eventFilter
    et = event.type()
  File "c:\work\applic\qt_app\ui\app_style.py", line 285, in eventFilter
    return super().eventFilter(obj, event)
           ~~~~~~~~~~~~~~~~~~~^^^^^^^^^^^^
  File "c:\work\applic\qt_app\ui\app_style.py", line 229, in eventFilter
    et = event.type()
  File "c:\work\applic\qt_app\ui\app_style.py", line 285, in eventFilter
    return super().eventFilter(obj, event)
           ~~~~~~~~~~~~~~~~~~~^^^^^^^^^^^^
  File "c:\work\applic\qt_app\ui\app_style.py", line 229, in eventFilter
    et = event.type()
  File "c:\work\applic\qt_app\ui\app_style.py", line 285, in eventFilter
    return super().eventFilter(obj, event)
           ~~~~~~~~~~~~~~~~~~~^^^^^^^^^^^^
  File "c:\work\applic\qt_app\ui\app_style.py", line 229, in eventFilter
    et = event.type()
  File "c:\work\applic\qt_app\ui\app_style.py", line 285, in eventFilter
    return super().eventFilter(obj, event)
           ~~~~~~~~~~~~~~~~~~~^^^^^^^^^^^^
  File "c:\work\applic\qt_app\ui\auto_combo.py", line 217, in eventFilter
    if self.property("open_only_on_arrow"):
       ~~~~~~~~~~~~~^^^^^^^^^^^^^^^^^^^^^^
  File "c:\work\applic\qt_app\ui\app_style.py", line 229, in eventFilter
    et = event.type()
  File "c:\work\applic\qt_app\ui\app_style.py", line 285, in eventFilter
    return super().eventFilter(obj, event)
           ~~~~~~~~~~~~~~~~~~~^^^^^^^^^^^^
  File "c:\work\applic\qt_app\ui\app_style.py", line 229, in eventFilter
    et = event.type()
  File "c:\work\applic\qt_app\ui\app_style.py", line 285, in eventFilter
    return super().eventFilter(obj, event)
           ~~~~~~~~~~~~~~~~~~~^^^^^^^^^^^^
  File "c:\work\applic\qt_app\ui\app_style.py", line 229, in eventFilter
    et = event.type()
  File "c:\work\applic\qt_app\ui\app_style.py", line 285, in eventFilter
    return super().eventFilter(obj, event)
           ~~~~~~~~~~~~~~~~~~~^^^^^^^^^^^^
  File "c:\work\applic\qt_app\ui\auto_combo.py", line 217, in eventFilter
    if self.property("open_only_on_arrow"):
       ~~~~~~~~~~~~~^^^^^^^^^^^^^^^^^^^^^^
  File "c:\work\applic\qt_app\ui\app_style.py", line 229, in eventFilter
    et = event.type()
  File "c:\work\applic\qt_app\ui\app_style.py", line 285, in eventFilter
    return super().eventFilter(obj, event)
           ~~~~~~~~~~~~~~~~~~~^^^^^^^^^^^^
  File "c:\work\applic\qt_app\ui\app_style.py", line 229, in eventFilter
    et = event.type()
  File "c:\work\applic\qt_app\ui\app_style.py", line 285, in eventFilter
    return super().eventFilter(obj, event)
           ~~~~~~~~~~~~~~~~~~~^^^^^^^^^^^^
  File "c:\work\applic\qt_app\ui\app_style.py", line 229, in eventFilter
    et = event.type()
  File "c:\work\applic\qt_app\ui\app_style.py", line 285, in eventFilter
    return super().eventFilter(obj, event)
           ~~~~~~~~~~~~~~~~~~~^^^^^^^^^^^^
  File "c:\work\applic\qt_app\ui\auto_combo.py", line 217, in eventFilter
    if self.property("open_only_on_arrow"):
       ~~~~~~~~~~~~~^^^^^^^^^^^^^^^^^^^^^^
  File "c:\work\applic\qt_app\ui\app_style.py", line 229, in eventFilter
    et = event.type()
  File "c:\work\applic\qt_app\ui\app_style.py", line 285, in eventFilter
    return super().eventFilter(obj, event)
           ~~~~~~~~~~~~~~~~~~~^^^^^^^^^^^^
  File "c:\work\applic\qt_app\ui\app_style.py", line 229, in eventFilter
    et = event.type()
  File "c:\work\applic\qt_app\ui\app_style.py", line 285, in eventFilter
    return super().eventFilter(obj, event)
           ~~~~~~~~~~~~~~~~~~~^^^^^^^^^^^^
  File "c:\work\applic\qt_app\ui\app_style.py", line 229, in eventFilter
    et = event.type()
  File "c:\work\applic\qt_app\ui\app_style.py", line 285, in eventFilter
    return super().eventFilter(obj, event)
           ~~~~~~~~~~~~~~~~~~~^^^^^^^^^^^^
  File "c:\work\applic\qt_app\ui\app_style.py", line 229, in eventFilter
    et = event.type()
  File "c:\work\applic\qt_app\ui\app_style.py", line 285, in eventFilter
    return super().eventFilter(obj, event)
           ~~~~~~~~~~~~~~~~~~~^^^^^^^^^^^^
  File "c:\work\applic\qt_app\ui\app_style.py", line 229, in eventFilter
    et = event.type()
  File "c:\work\applic\qt_app\ui\app_style.py", line 285, in eventFilter
    return super().eventFilter(obj, event)
           ~~~~~~~~~~~~~~~~~~~^^^^^^^^^^^^
  File "c:\work\applic\qt_app\ui\app_style.py", line 229, in eventFilter
    et = event.type()
  File "c:\work\applic\qt_app\ui\app_style.py", line 285, in eventFilter
    return super().eventFilter(obj, event)
           ~~~~~~~~~~~~~~~~~~~^^^^^^^^^^^^
  File "c:\work\applic\qt_app\ui\app_style.py", line 229, in eventFilter
    et = event.type()
  File "c:\work\applic\qt_app\ui\app_style.py", line 285, in eventFilter
    return super().eventFilter(obj, event)
           ~~~~~~~~~~~~~~~~~~~^^^^^^^^^^^^
  File "c:\work\applic\qt_app\ui\app_style.py", line 229, in eventFilter
    et = event.type()
  File "c:\work\applic\qt_app\ui\app_style.py", line 285, in eventFilter
    return super().eventFilter(obj, event)
           ~~~~~~~~~~~~~~~~~~~^^^^^^^^^^^^
  File "c:\work\applic\qt_app\ui\app_style.py", line 229, in eventFilter
    et = event.type()
  File "c:\work\applic\qt_app\ui\app_style.py", line 285, in eventFilter
    return super().eventFilter(obj, event)
           ~~~~~~~~~~~~~~~~~~~^^^^^^^^^^^^
  File "c:\work\applic\qt_app\ui\app_style.py", line 229, in eventFilter
    et = event.type()
  File "c:\work\applic\qt_app\ui\app_style.py", line 285, in eventFilter
    return super().eventFilter(obj, event)
           ~~~~~~~~~~~~~~~~~~~^^^^^^^^^^^^
  File "c:\work\applic\qt_app\ui\app_style.py", line 229, in eventFilter
    et = event.type()
  File "c:\work\applic\qt_app\ui\app_style.py", line 285, in eventFilter
    return super().eventFilter(obj, event)
           ~~~~~~~~~~~~~~~~~~~^^^^^^^^^^^^
  File "c:\work\applic\qt_app\ui\app_style.py", line 229, in eventFilter
    et = event.type()
  File "c:\work\applic\qt_app\ui\app_style.py", line 285, in eventFilter
    return super().eventFilter(obj, event)
           ~~~~~~~~~~~~~~~~~~~^^^^^^^^^^^^
  File "c:\work\applic\qt_app\ui\app_style.py", line 229, in eventFilter
    et = event.type()
  File "c:\work\applic\qt_app\ui\app_style.py", line 285, in eventFilter
    return super().eventFilter(obj, event)
           ~~~~~~~~~~~~~~~~~~~^^^^^^^^^^^^
  File "c:\work\applic\qt_app\ui\app_style.py", line 229, in eventFilter
    et = event.type()
  File "c:\work\applic\qt_app\ui\app_style.py", line 285, in eventFilter
    return super().eventFilter(obj, event)
           ~~~~~~~~~~~~~~~~~~~^^^^^^^^^^^^
  File "c:\work\applic\qt_app\ui\auto_combo.py", line 122, in sizeHint
    opt = QtWidgets.QStyleOptionViewItem(option)
  File "c:\work\applic\qt_app\ui\auto_combo.py", line 122, in sizeHint
    opt = QtWidgets.QStyleOptionViewItem(option)
  File "c:\work\applic\qt_app\ui\auto_combo.py", line 122, in sizeHint
    opt = QtWidgets.QStyleOptionViewItem(option)
  [Previous line repeated 1 more time]
  File "c:\work\applic\qt_app\ui\auto_combo.py", line 143, in sizeHint
    int(QtGui.QTextBlockFormat.LineHeightTypes.ProportionalHeight),
    ~~~^^^^^^^^^^^^^^^^^^^^^^^^^^^^^^^^^^^^^^^^^^^^^^^^^^^^^^^^^^^
TypeError: Error calling Python override of QObject::eventFilter(): Error calling Python override of QObject::eventFilter(): Error calling Python override of QObject::eventFilter(): Error calling Python override of QObject::eventFilter(): Error calling Python override of QObject::eventFilter(): Error calling Python override of QObject::eventFilter(): Error calling Python override of QComboBox::eventFilter(): Error calling Python override of QObject::eventFilter(): Error calling Python override of QObject::eventFilter(): Error calling Python override of QObject::eventFilter(): Error calling Python override of QObject::eventFilter(): Error calling Python override of QObject::eventFilter(): Error calling Python override of QObject::eventFilter(): Error calling Python override of QObject::eventFilter(): Error calling Python override of QObject::eventFilter(): Error calling Python override of QObject::eventFilter(): Error calling Python override of QObject::eventFilter(): Error calling Python override of QObject::eventFilter(): Error calling Python override of QObject::eventFilter(): Error calling Python override of QObject::eventFilter(): Error calling Python override of QObject::eventFilter(): Error calling Python override of QObject::eventFilter(): Error calling Python override of QObject::eventFilter(): Error calling Python override of QObject::eventFilter(): Error calling Python override of QObject::eventFilter(): Error calling Python override of QObject::eventFilter(): Error calling Python override of QObject::eventFilter(): Error calling Python override of QObject::eventFilter(): Error calling Python override of QObject::eventFilter(): Error calling Python override of QObject::eventFilter(): Error calling Python override of QObject::eventFilter(): Error calling Python override of QObject::eventFilter(): Error calling Python override of QObject::eventFilter(): Error calling Python override of QObject::eventFilter(): Error calling Python override of QObject::eventFilter(): Error calling Python override of QStyledItemDelegate::sizeHint(): Error calling Python override of QStyledItemDelegate::sizeHint(): Error calling Python override of QStyledItemDelegate::sizeHint(): Error calling Python override of QStyledItemDelegate::sizeHint(): Error calling Python override of QStyledItemDelegate::sizeHint(): Error calling Python override of QObject::eventFilter(): Error calling Python override of QObject::eventFilter(): Error calling Python override of QObject::eventFilter(): Error calling Python override of QObject::eventFilter(): Error calling Python override of QObject::eventFilter(): Error calling Python override of QObject::eventFilter(): Error calling Python override of QObject::eventFilter(): Error calling Python override of QObject::eventFilter(): Error calling Python override of QObject::eventFilter(): Error calling Python override of QObject::eventFilter(): Error calling Python override of QObject::eventFilter(): Error calling Python override of QObject::eventFilter(): Error calling Python override of QObject::eventFilter(): Error calling Python override of QObject::eventFilter(): Error calling Python override of QObject::eventFilter(): Error calling Python override of QObject::eventFilter(): Error calling Python override of QComboBox::eventFilter(): Error calling Python override of QObject::eventFilter(): Error calling Python override of QObject::eventFilter(): Error calling Python override of QObject::eventFilter(): Error calling Python override of QObject::eventFilter(): Error calling Python override of QObject::eventFilter(): Error calling Python override of QObject::eventFilter(): Error calling Python override of QComboBox::eventFilter(): Error calling Python override of QObject::eventFilter(): Error calling Python override of QObject::eventFilter(): Error calling Python override of QObject::eventFilter(): Error calling Python override of QObject::eventFilter(): Error calling Python override of QObject::eventFilter(): Error calling Python override of QObject::eventFilter(): Error calling Python override of QComboBox::eventFilter(): Error calling Python override of QObject::eventFilter(): Error calling Python override of QObject::eventFilter(): Error calling Python override of QObject::eventFilter(): Error calling Python override of QObject::eventFilter(): Error calling Python override of QObject::eventFilter(): Error calling Python override of QObject::eventFilter(): Error calling Python override of QObject::eventFilter(): Error calling Python override of QObject::eventFilter(): Error calling Python override of QObject::eventFilter(): Error calling Python override of QObject::eventFilter(): Error calling Python override of QObject::eventFilter(): Error calling Python override of QObject::eventFilter(): Error calling Python override of QObject::eventFilter(): Error calling Python override of QObject::eventFilter(): Error calling Python override of QObject::eventFilter(): Error calling Python override of QObject::eventFilter(): Error calling Python override of QObject::eventFilter(): Error calling Python override of QObject::eventFilter(): Error calling Python override of QObject::eventFilter(): Error calling Python override of QObject::eventFilter(): Error calling Python override of QObject::eventFilter(): Error calling Python override of QObject::eventFilter(): Error calling Python override of QObject::eventFilter(): Error calling Python override of QObject::eventFilter(): Error calling Python override of QObject::eventFilter(): Error calling Python override of QObject::eventFilter(): Error calling Python override of QObject::eventFilter(): Error calling Python override of QObject::eventFilter(): Error calling Python override of QStyledItemDelegate::sizeHint(): Error calling Python override of QStyledItemDelegate::sizeHint(): Error calling Python override of QStyledItemDelegate::sizeHint(): Error calling Python override of QStyledItemDelegate::sizeHint(): Error calling Python override of QStyledItemDelegate::sizeHint(): int() argument must be a string, a bytes-like object or a real number, not 'LineHeightTypes'

--- Protocol build error ---
Traceback (most recent call last):
  File "c:\work\applic\qt_app\ui\protocol_area.py", line 331, in _start
    widget = self._builder.build()
  File "c:\work\applic\qt_app\ui\protocol_builder_qt.py", line 233, in build
    self._load_structure()
    ~~~~~~~~~~~~~~~~~~~~^^
  File "c:\work\applic\qt_app\ui\protocol_builder_qt.py", line 423, in _load_structure
    binding = self._create_field_widget(conn, meta)
  File "c:\work\applic\qt_app\ui\protocol_builder_qt.py", line 834, in _create_field_widget
    hl.addWidget(display_widget, 1)
    ~~~~~~~~~~~~^^^^^^^^^^^^^^^^^^^
  File "c:\work\applic\qt_app\ui\app_style.py", line 229, in eventFilter
    et = event.type()
  File "c:\work\applic\qt_app\ui\app_style.py", line 285, in eventFilter
    return super().eventFilter(obj, event)
           ~~~~~~~~~~~~~~~~~~~^^^^^^^^^^^^
  File "c:\work\applic\qt_app\ui\app_style.py", line 229, in eventFilter
    et = event.type()
  File "c:\work\applic\qt_app\ui\app_style.py", line 285, in eventFilter
    return super().eventFilter(obj, event)
           ~~~~~~~~~~~~~~~~~~~^^^^^^^^^^^^
  File "c:\work\applic\qt_app\ui\app_style.py", line 229, in eventFilter
    et = event.type()
  File "c:\work\applic\qt_app\ui\app_style.py", line 285, in eventFilter
    return super().eventFilter(obj, event)
           ~~~~~~~~~~~~~~~~~~~^^^^^^^^^^^^
  File "c:\work\applic\qt_app\ui\auto_combo.py", line 212, in eventFilter
    if self.property("open_only_on_arrow"):
       ~~~~~~~~~~~~~^^^^^^^^^^^^^^^^^^^^^^
  File "c:\work\applic\qt_app\ui\app_style.py", line 229, in eventFilter
    et = event.type()
  File "c:\work\applic\qt_app\ui\app_style.py", line 285, in eventFilter
    return super().eventFilter(obj, event)
           ~~~~~~~~~~~~~~~~~~~^^^^^^^^^^^^
  File "c:\work\applic\qt_app\ui\app_style.py", line 229, in eventFilter
    et = event.type()
  File "c:\work\applic\qt_app\ui\app_style.py", line 285, in eventFilter
    return super().eventFilter(obj, event)
           ~~~~~~~~~~~~~~~~~~~^^^^^^^^^^^^
  File "c:\work\applic\qt_app\ui\app_style.py", line 229, in eventFilter
    et = event.type()
  File "c:\work\applic\qt_app\ui\app_style.py", line 285, in eventFilter
    return super().eventFilter(obj, event)
           ~~~~~~~~~~~~~~~~~~~^^^^^^^^^^^^
  File "c:\work\applic\qt_app\ui\app_style.py", line 229, in eventFilter
    et = event.type()
  File "c:\work\applic\qt_app\ui\app_style.py", line 285, in eventFilter
    return super().eventFilter(obj, event)
           ~~~~~~~~~~~~~~~~~~~^^^^^^^^^^^^
  File "c:\work\applic\qt_app\ui\app_style.py", line 229, in eventFilter
    et = event.type()
  File "c:\work\applic\qt_app\ui\app_style.py", line 285, in eventFilter
    return super().eventFilter(obj, event)
           ~~~~~~~~~~~~~~~~~~~^^^^^^^^^^^^
  File "c:\work\applic\qt_app\ui\app_style.py", line 229, in eventFilter
    et = event.type()
  File "c:\work\applic\qt_app\ui\app_style.py", line 285, in eventFilter
    return super().eventFilter(obj, event)
           ~~~~~~~~~~~~~~~~~~~^^^^^^^^^^^^
  File "c:\work\applic\qt_app\ui\app_style.py", line 229, in eventFilter
    et = event.type()
  File "c:\work\applic\qt_app\ui\app_style.py", line 285, in eventFilter
    return super().eventFilter(obj, event)
           ~~~~~~~~~~~~~~~~~~~^^^^^^^^^^^^
  File "c:\work\applic\qt_app\ui\app_style.py", line 229, in eventFilter
    et = event.type()
  File "c:\work\applic\qt_app\ui\app_style.py", line 285, in eventFilter
    return super().eventFilter(obj, event)
           ~~~~~~~~~~~~~~~~~~~^^^^^^^^^^^^
  File "c:\work\applic\qt_app\ui\app_style.py", line 229, in eventFilter
    et = event.type()
  File "c:\work\applic\qt_app\ui\app_style.py", line 285, in eventFilter
    return super().eventFilter(obj, event)
           ~~~~~~~~~~~~~~~~~~~^^^^^^^^^^^^
  File "c:\work\applic\qt_app\ui\app_style.py", line 229, in eventFilter
    et = event.type()
  File "c:\work\applic\qt_app\ui\app_style.py", line 285, in eventFilter
    return super().eventFilter(obj, event)
           ~~~~~~~~~~~~~~~~~~~^^^^^^^^^^^^
  File "c:\work\applic\qt_app\ui\app_style.py", line 229, in eventFilter
    et = event.type()
  File "c:\work\applic\qt_app\ui\app_style.py", line 285, in eventFilter
    return super().eventFilter(obj, event)
           ~~~~~~~~~~~~~~~~~~~^^^^^^^^^^^^
  File "c:\work\applic\qt_app\ui\app_style.py", line 229, in eventFilter
    et = event.type()
  File "c:\work\applic\qt_app\ui\app_style.py", line 285, in eventFilter
    return super().eventFilter(obj, event)
           ~~~~~~~~~~~~~~~~~~~^^^^^^^^^^^^
  File "c:\work\applic\qt_app\ui\app_style.py", line 229, in eventFilter
    et = event.type()
  File "c:\work\applic\qt_app\ui\app_style.py", line 285, in eventFilter
    return super().eventFilter(obj, event)
           ~~~~~~~~~~~~~~~~~~~^^^^^^^^^^^^
  File "c:\work\applic\qt_app\ui\app_style.py", line 229, in eventFilter
    et = event.type()
  File "c:\work\applic\qt_app\ui\app_style.py", line 285, in eventFilter
    return super().eventFilter(obj, event)
           ~~~~~~~~~~~~~~~~~~~^^^^^^^^^^^^
  File "c:\work\applic\qt_app\ui\auto_combo.py", line 120, in sizeHint
    opt = QtWidgets.QStyleOptionViewItem(option)
  File "c:\work\applic\qt_app\ui\auto_combo.py", line 120, in sizeHint
    opt = QtWidgets.QStyleOptionViewItem(option)
  File "c:\work\applic\qt_app\ui\auto_combo.py", line 120, in sizeHint
    opt = QtWidgets.QStyleOptionViewItem(option)
  [Previous line repeated 2 more times]
  File "c:\work\applic\qt_app\ui\app_style.py", line 229, in eventFilter
    et = event.type()
  File "c:\work\applic\qt_app\ui\app_style.py", line 285, in eventFilter
    return super().eventFilter(obj, event)
           ~~~~~~~~~~~~~~~~~~~^^^^^^^^^^^^
  File "c:\work\applic\qt_app\ui\app_style.py", line 229, in eventFilter
    et = event.type()
  File "c:\work\applic\qt_app\ui\app_style.py", line 285, in eventFilter
    return super().eventFilter(obj, event)
           ~~~~~~~~~~~~~~~~~~~^^^^^^^^^^^^
  File "c:\work\applic\qt_app\ui\app_style.py", line 229, in eventFilter
    et = event.type()
  File "c:\work\applic\qt_app\ui\app_style.py", line 285, in eventFilter
    return super().eventFilter(obj, event)
           ~~~~~~~~~~~~~~~~~~~^^^^^^^^^^^^
  File "c:\work\applic\qt_app\ui\app_style.py", line 229, in eventFilter
    et = event.type()
  File "c:\work\applic\qt_app\ui\app_style.py", line 285, in eventFilter
    return super().eventFilter(obj, event)
           ~~~~~~~~~~~~~~~~~~~^^^^^^^^^^^^
  File "c:\work\applic\qt_app\ui\app_style.py", line 229, in eventFilter
    et = event.type()
  File "c:\work\applic\qt_app\ui\app_style.py", line 285, in eventFilter
    return super().eventFilter(obj, event)
           ~~~~~~~~~~~~~~~~~~~^^^^^^^^^^^^
  File "c:\work\applic\qt_app\ui\app_style.py", line 229, in eventFilter
    et = event.type()
  File "c:\work\applic\qt_app\ui\app_style.py", line 285, in eventFilter
    return super().eventFilter(obj, event)
           ~~~~~~~~~~~~~~~~~~~^^^^^^^^^^^^
  File "c:\work\applic\qt_app\ui\app_style.py", line 229, in eventFilter
    et = event.type()
  File "c:\work\applic\qt_app\ui\app_style.py", line 285, in eventFilter
    return super().eventFilter(obj, event)
           ~~~~~~~~~~~~~~~~~~~^^^^^^^^^^^^
  File "c:\work\applic\qt_app\ui\app_style.py", line 229, in eventFilter
    et = event.type()
  File "c:\work\applic\qt_app\ui\app_style.py", line 285, in eventFilter
    return super().eventFilter(obj, event)
           ~~~~~~~~~~~~~~~~~~~^^^^^^^^^^^^
  File "c:\work\applic\qt_app\ui\auto_combo.py", line 212, in eventFilter
    if self.property("open_only_on_arrow"):
       ~~~~~~~~~~~~~^^^^^^^^^^^^^^^^^^^^^^
  File "c:\work\applic\qt_app\ui\app_style.py", line 229, in eventFilter
    et = event.type()
  File "c:\work\applic\qt_app\ui\app_style.py", line 285, in eventFilter
    return super().eventFilter(obj, event)
           ~~~~~~~~~~~~~~~~~~~^^^^^^^^^^^^
  File "c:\work\applic\qt_app\ui\app_style.py", line 229, in eventFilter
    et = event.type()
  File "c:\work\applic\qt_app\ui\app_style.py", line 285, in eventFilter
    return super().eventFilter(obj, event)
           ~~~~~~~~~~~~~~~~~~~^^^^^^^^^^^^
  File "c:\work\applic\qt_app\ui\app_style.py", line 229, in eventFilter
    et = event.type()
  File "c:\work\applic\qt_app\ui\app_style.py", line 285, in eventFilter
    return super().eventFilter(obj, event)
           ~~~~~~~~~~~~~~~~~~~^^^^^^^^^^^^
  File "c:\work\applic\qt_app\ui\auto_combo.py", line 212, in eventFilter
    if self.property("open_only_on_arrow"):
       ~~~~~~~~~~~~~^^^^^^^^^^^^^^^^^^^^^^
  File "c:\work\applic\qt_app\ui\app_style.py", line 229, in eventFilter
    et = event.type()
  File "c:\work\applic\qt_app\ui\app_style.py", line 285, in eventFilter
    return super().eventFilter(obj, event)
           ~~~~~~~~~~~~~~~~~~~^^^^^^^^^^^^
  File "c:\work\applic\qt_app\ui\app_style.py", line 229, in eventFilter
    et = event.type()
  File "c:\work\applic\qt_app\ui\app_style.py", line 285, in eventFilter
    return super().eventFilter(obj, event)
           ~~~~~~~~~~~~~~~~~~~^^^^^^^^^^^^
  File "c:\work\applic\qt_app\ui\app_style.py", line 229, in eventFilter
    et = event.type()
  File "c:\work\applic\qt_app\ui\app_style.py", line 285, in eventFilter
    return super().eventFilter(obj, event)
           ~~~~~~~~~~~~~~~~~~~^^^^^^^^^^^^
  File "c:\work\applic\qt_app\ui\auto_combo.py", line 212, in eventFilter
    if self.property("open_only_on_arrow"):
       ~~~~~~~~~~~~~^^^^^^^^^^^^^^^^^^^^^^
  File "c:\work\applic\qt_app\ui\app_style.py", line 229, in eventFilter
    et = event.type()
  File "c:\work\applic\qt_app\ui\app_style.py", line 285, in eventFilter
    return super().eventFilter(obj, event)
           ~~~~~~~~~~~~~~~~~~~^^^^^^^^^^^^
  File "c:\work\applic\qt_app\ui\app_style.py", line 229, in eventFilter
    et = event.type()
  File "c:\work\applic\qt_app\ui\app_style.py", line 285, in eventFilter
    return super().eventFilter(obj, event)
           ~~~~~~~~~~~~~~~~~~~^^^^^^^^^^^^
  File "c:\work\applic\qt_app\ui\app_style.py", line 229, in eventFilter
    et = event.type()
  File "c:\work\applic\qt_app\ui\app_style.py", line 285, in eventFilter
    return super().eventFilter(obj, event)
           ~~~~~~~~~~~~~~~~~~~^^^^^^^^^^^^
  File "c:\work\applic\qt_app\ui\app_style.py", line 229, in eventFilter
    et = event.type()
  File "c:\work\applic\qt_app\ui\app_style.py", line 285, in eventFilter
    return super().eventFilter(obj, event)
           ~~~~~~~~~~~~~~~~~~~^^^^^^^^^^^^
  File "c:\work\applic\qt_app\ui\app_style.py", line 229, in eventFilter
    et = event.type()
  File "c:\work\applic\qt_app\ui\app_style.py", line 285, in eventFilter
    return super().eventFilter(obj, event)
           ~~~~~~~~~~~~~~~~~~~^^^^^^^^^^^^
  File "c:\work\applic\qt_app\ui\app_style.py", line 229, in eventFilter
    et = event.type()
  File "c:\work\applic\qt_app\ui\app_style.py", line 285, in eventFilter
    return super().eventFilter(obj, event)
           ~~~~~~~~~~~~~~~~~~~^^^^^^^^^^^^
  File "c:\work\applic\qt_app\ui\app_style.py", line 229, in eventFilter
    et = event.type()
  File "c:\work\applic\qt_app\ui\app_style.py", line 285, in eventFilter
    return super().eventFilter(obj, event)
           ~~~~~~~~~~~~~~~~~~~^^^^^^^^^^^^
  File "c:\work\applic\qt_app\ui\app_style.py", line 229, in eventFilter
    et = event.type()
  File "c:\work\applic\qt_app\ui\app_style.py", line 285, in eventFilter
    return super().eventFilter(obj, event)
           ~~~~~~~~~~~~~~~~~~~^^^^^^^^^^^^
  File "c:\work\applic\qt_app\ui\app_style.py", line 229, in eventFilter
    et = event.type()
  File "c:\work\applic\qt_app\ui\app_style.py", line 285, in eventFilter
    return super().eventFilter(obj, event)
           ~~~~~~~~~~~~~~~~~~~^^^^^^^^^^^^
  File "c:\work\applic\qt_app\ui\app_style.py", line 229, in eventFilter
    et = event.type()
  File "c:\work\applic\qt_app\ui\app_style.py", line 285, in eventFilter
    return super().eventFilter(obj, event)
           ~~~~~~~~~~~~~~~~~~~^^^^^^^^^^^^
  File "c:\work\applic\qt_app\ui\app_style.py", line 229, in eventFilter
    et = event.type()
  File "c:\work\applic\qt_app\ui\app_style.py", line 285, in eventFilter
    return super().eventFilter(obj, event)
           ~~~~~~~~~~~~~~~~~~~^^^^^^^^^^^^
  File "c:\work\applic\qt_app\ui\app_style.py", line 229, in eventFilter
    et = event.type()
  File "c:\work\applic\qt_app\ui\app_style.py", line 285, in eventFilter
    return super().eventFilter(obj, event)
           ~~~~~~~~~~~~~~~~~~~^^^^^^^^^^^^
  File "c:\work\applic\qt_app\ui\app_style.py", line 229, in eventFilter
    et = event.type()
  File "c:\work\applic\qt_app\ui\app_style.py", line 285, in eventFilter
    return super().eventFilter(obj, event)
           ~~~~~~~~~~~~~~~~~~~^^^^^^^^^^^^
  File "c:\work\applic\qt_app\ui\app_style.py", line 229, in eventFilter
    et = event.type()
  File "c:\work\applic\qt_app\ui\app_style.py", line 285, in eventFilter
    return super().eventFilter(obj, event)
           ~~~~~~~~~~~~~~~~~~~^^^^^^^^^^^^
  File "c:\work\applic\qt_app\ui\auto_combo.py", line 120, in sizeHint
    opt = QtWidgets.QStyleOptionViewItem(option)
  File "c:\work\applic\qt_app\ui\auto_combo.py", line 120, in sizeHint
    opt = QtWidgets.QStyleOptionViewItem(option)
  File "c:\work\applic\qt_app\ui\auto_combo.py", line 120, in sizeHint
    opt = QtWidgets.QStyleOptionViewItem(option)
  [Previous line repeated 1 more time]
  File "c:\work\applic\qt_app\ui\auto_combo.py", line 140, in sizeHint
    doc.setDefaultTextBlockFormat(bf)
    ^^^^^^^^^^^^^^^^^^^^^^^^^^^^^
AttributeError: Error calling Python override of QObject::eventFilter(): Error calling Python override of QObject::eventFilter(): Error calling Python override of QObject::eventFilter(): Error calling Python override of QObject::eventFilter(): Error calling Python override of QObject::eventFilter(): Error calling Python override of QObject::eventFilter(): Error calling Python override of QComboBox::eventFilter(): Error calling Python override of QObject::eventFilter(): Error calling Python override of QObject::eventFilter(): Error calling Python override of QObject::eventFilter(): Error calling Python override of QObject::eventFilter(): Error calling Python override of QObject::eventFilter(): Error calling Python override of QObject::eventFilter(): Error calling Python override of QObject::eventFilter(): Error calling Python override of QObject::eventFilter(): Error calling Python override of QObject::eventFilter(): Error calling Python override of QObject::eventFilter(): Error calling Python override of QObject::eventFilter(): Error calling Python override of QObject::eventFilter(): Error calling Python override of QObject::eventFilter(): Error calling Python override of QObject::eventFilter(): Error calling Python override of QObject::eventFilter(): Error calling Python override of QObject::eventFilter(): Error calling Python override of QObject::eventFilter(): Error calling Python override of QObject::eventFilter(): Error calling Python override of QObject::eventFilter(): Error calling Python override of QObject::eventFilter(): Error calling Python override of QObject::eventFilter(): Error calling Python override of QObject::eventFilter(): Error calling Python override of QObject::eventFilter(): Error calling Python override of QObject::eventFilter(): Error calling Python override of QObject::eventFilter(): Error calling Python override of QObject::eventFilter(): Error calling Python override of QObject::eventFilter(): Error calling Python override of QObject::eventFilter(): Error calling Python override of QStyledItemDelegate::sizeHint(): Error calling Python override of QStyledItemDelegate::sizeHint(): Error calling Python override of QStyledItemDelegate::sizeHint(): Error calling Python override of QStyledItemDelegate::sizeHint(): Error calling Python override of QStyledItemDelegate::sizeHint(): Error calling Python override of QObject::eventFilter(): Error calling Python override of QObject::eventFilter(): Error calling Python override of QObject::eventFilter(): Error calling Python override of QObject::eventFilter(): Error calling Python override of QObject::eventFilter(): Error calling Python override of QObject::eventFilter(): Error calling Python override of QObject::eventFilter(): Error calling Python override of QObject::eventFilter(): Error calling Python override of QObject::eventFilter(): Error calling Python override of QObject::eventFilter(): Error calling Python override of QObject::eventFilter(): Error calling Python override of QObject::eventFilter(): Error calling Python override of QObject::eventFilter(): Error calling Python override of QObject::eventFilter(): Error calling Python override of QObject::eventFilter(): Error calling Python override of QObject::eventFilter(): Error calling Python override of QComboBox::eventFilter(): Error calling Python override of QObject::eventFilter(): Error calling Python override of QObject::eventFilter(): Error calling Python override of QObject::eventFilter(): Error calling Python override of QObject::eventFilter(): Error calling Python override of QObject::eventFilter(): Error calling Python override of QObject::eventFilter(): Error calling Python override of QComboBox::eventFilter(): Error calling Python override of QObject::eventFilter(): Error calling Python override of QObject::eventFilter(): Error calling Python override of QObject::eventFilter(): Error calling Python override of QObject::eventFilter(): Error calling Python override of QObject::eventFilter(): Error calling Python override of QObject::eventFilter(): Error calling Python override of QComboBox::eventFilter(): Error calling Python override of QObject::eventFilter(): Error calling Python override of QObject::eventFilter(): Error calling Python override of QObject::eventFilter(): Error calling Python override of QObject::eventFilter(): Error calling Python override of QObject::eventFilter(): Error calling Python override of QObject::eventFilter(): Error calling Python override of QObject::eventFilter(): Error calling Python override of QObject::eventFilter(): Error calling Python override of QObject::eventFilter(): Error calling Python override of QObject::eventFilter(): Error calling Python override of QObject::eventFilter(): Error calling Python override of QObject::eventFilter(): Error calling Python override of QObject::eventFilter(): Error calling Python override of QObject::eventFilter(): Error calling Python override of QObject::eventFilter(): Error calling Python override of QObject::eventFilter(): Error calling Python override of QObject::eventFilter(): Error calling Python override of QObject::eventFilter(): Error calling Python override of QObject::eventFilter(): Error calling Python override of QObject::eventFilter(): Error calling Python override of QObject::eventFilter(): Error calling Python override of QObject::eventFilter(): Error calling Python override of QObject::eventFilter(): Error calling Python override of QObject::eventFilter(): Error calling Python override of QObject::eventFilter(): Error calling Python override of QObject::eventFilter(): Error calling Python override of QObject::eventFilter(): Error calling Python override of QObject::eventFilter(): Error calling Python override of QStyledItemDelegate::sizeHint(): Error calling Python override of QStyledItemDelegate::sizeHint(): Error calling Python override of QStyledItemDelegate::sizeHint(): Error calling Python override of QStyledItemDelegate::sizeHint(): Error calling Python override of QStyledItemDelegate::sizeHint(): 'PySide6.QtGui.QTextDocument' object has no attribute 'setDefaultTextBlockFormat'
